# JRE version: Java(TM) SE Runtime Environment (7.0_51-b13) (build 1.7.0_51-b13)
# Java VM: Java HotSpot(TM) Client VM (24.51-b03 mixed mode windows-x86 )
Heap
 def new generation   total 32768K, used 10139K [0x0f010000, 0x11390000, 0x14560000)
  eden space 29184K,  23% used [0x0f010000, 0x0f6a8a50, 0x10c90000)
  from space 3584K,  94% used [0x11010000, 0x1135e338, 0x11390000)
  to   space 3584K,   0% used [0x10c90000, 0x10c90000, 0x11010000)
 tenured generation   total 72672K, used 22282K [0x14560000, 0x18c58000, 0x1f010000)
   the space 72672K,  30% used [0x14560000, 0x15b22890, 0x15b22a00, 0x18c58000)
 compacting perm gen  total 17152K, used 16907K [0x1f010000, 0x200d0000, 0x23010000)
   the space 17152K,  98% used [0x1f010000, 0x20092e78, 0x20093000, 0x200d0000)
GC Heap History (10 events):
Event: 5.689 GC heap before
{Heap before GC invocations=84 (full 7):
 def new generation   total 32768K, used 32768K [0x0f010000, 0x11390000, 0x14560000)
  eden space 29184K, 100% used [0x0f010000, 0x10c90000, 0x10c90000)
  from space 3584K, 100% used [0x10c90000, 0x11010000, 0x11010000)
  to   space 3584K,   0% used [0x11010000, 0x11010000, 0x11390000)
 tenured generation   total 72672K, used 63081K [0x14560000, 0x18c58000, 0x1f010000)
   the space 72672K,  86% used [0x14560000, 0x182fa598, 0x182fa600, 0x18c58000)
 compacting perm gen  total 12288K, used 11269K [0x1f010000, 0x1fc10000, 0x23010000)
   the space 12288K,  91% used [0x1f010000, 0x1fb11528, 0x1fb11600, 0x1fc10000)
No shared spaces configured.
Event: 5.716 GC heap after
Heap after GC invocations=85 (full 7):
 def new generation   total 32768K, used 3584K [0x0f010000, 0x11390000, 0x14560000)
  eden space 29184K,   0% used [0x0f010000, 0x0f010000, 0x10c90000)
  from space 3584K, 100% used [0x11010000, 0x11390000, 0x11390000)
  to   space 3584K,   0% used [0x10c90000, 0x10c90000, 0x11010000)
 tenured generation   total 72672K, used 68853K [0x14560000, 0x18c58000, 0x1f010000)
   the space 72672K,  94% used [0x14560000, 0x1889d738, 0x1889d800, 0x18c58000)
 compacting perm gen  total 12288K, used 11269K [0x1f010000, 0x1fc10000, 0x23010000)
   the space 12288K,  91% used [0x1f010000, 0x1fb11528, 0x1fb11600, 0x1fc10000)
No shared spaces configured.
}
Event: 5.917 GC heap before
{Heap before GC invocations=85 (full 7):
 def new generation   total 32768K, used 32768K [0x0f010000, 0x11390000, 0x14560000)
  eden space 29184K, 100% used [0x0f010000, 0x10c90000, 0x10c90000)
  from space 3584K, 100% used [0x11010000, 0x11390000, 0x11390000)
  to   space 3584K,   0% used [0x10c90000, 0x10c90000, 0x11010000)
 tenured generation   total 72672K, used 68853K [0x14560000, 0x18c58000, 0x1f010000)
   the space 72672K,  94% used [0x14560000, 0x1889d738, 0x1889d800, 0x18c58000)
 compacting perm gen  total 12288K, used 11827K [0x1f010000, 0x1fc10000, 0x23010000)
   the space 12288K,  96% used [0x1f010000, 0x1fb9cfc8, 0x1fb9d000, 0x1fc10000)
No shared spaces configured.
Event: 5.935 GC heap after
Heap after GC invocations=86 (full 7):
 def new generation   total 32768K, used 3584K [0x0f010000, 0x11390000, 0x14560000)
  eden space 29184K,   0% used [0x0f010000, 0x0f010000, 0x10c90000)
  from space 3584K, 100% used [0x10c90000, 0x11010000, 0x11010000)
  to   space 3584K,   0% used [0x11010000, 0x11010000, 0x11390000)
 tenured generation   total 72672K, used 72288K [0x14560000, 0x18c58000, 0x1f010000)
   the space 72672K,  99% used [0x14560000, 0x18bf81d8, 0x18bf8200, 0x18c58000)
 compacting perm gen  total 12288K, used 11827K [0x1f010000, 0x1fc10000, 0x23010000)
   the space 12288K,  96% used [0x1f010000, 0x1fb9cfc8, 0x1fb9d000, 0x1fc10000)
No shared spaces configured.
}
Event: 6.228 GC heap before
{Heap before GC invocations=86 (full 7):
 def new generation   total 32768K, used 32768K [0x0f010000, 0x11390000, 0x14560000)
  eden space 29184K, 100% used [0x0f010000, 0x10c90000, 0x10c90000)
  from space 3584K, 100% used [0x10c90000, 0x11010000, 0x11010000)
  to   space 3584K,   0% used [0x11010000, 0x11010000, 0x11390000)
 tenured generation   total 72672K, used 72288K [0x14560000, 0x18c58000, 0x1f010000)
   the space 72672K,  99% used [0x14560000, 0x18bf81d8, 0x18bf8200, 0x18c58000)
 compacting perm gen  total 13568K, used 13537K [0x1f010000, 0x1fd50000, 0x23010000)
   the space 13568K,  99% used [0x1f010000, 0x1fd485d0, 0x1fd48600, 0x1fd50000)
No shared spaces configured.
Event: 6.332 GC heap after
Heap after GC invocations=87 (full 8):
 def new generation   total 32768K, used 0K [0x0f010000, 0x11390000, 0x14560000)
  eden space 29184K,   0% used [0x0f010000, 0x0f010000, 0x10c90000)
  from space 3584K,   0% used [0x11010000, 0x11010000, 0x11390000)
  to   space 3584K,   0% used [0x10c90000, 0x10c90000, 0x11010000)
 tenured generation   total 72672K, used 20864K [0x14560000, 0x18c58000, 0x1f010000)
   the space 72672K,  28% used [0x14560000, 0x159c01b8, 0x159c0200, 0x18c58000)
 compacting perm gen  total 13568K, used 13536K [0x1f010000, 0x1fd50000, 0x23010000)
   the space 13568K,  99% used [0x1f010000, 0x1fd48078, 0x1fd48200, 0x1fd50000)
No shared spaces configured.
}
Event: 23.221 GC heap before
{Heap before GC invocations=87 (full 8):
 def new generation   total 32768K, used 29184K [0x0f010000, 0x11390000, 0x14560000)
  eden space 29184K, 100% used [0x0f010000, 0x10c90000, 0x10c90000)
  from space 3584K,   0% used [0x11010000, 0x11010000, 0x11390000)
  to   space 3584K,   0% used [0x10c90000, 0x10c90000, 0x11010000)
 tenured generation   total 72672K, used 20864K [0x14560000, 0x18c58000, 0x1f010000)
   the space 72672K,  28% used [0x14560000, 0x159c01b8, 0x159c0200, 0x18c58000)
 compacting perm gen  total 15360K, used 15141K [0x1f010000, 0x1ff10000, 0x23010000)
   the space 15360K,  98% used [0x1f010000, 0x1fed9660, 0x1fed9800, 0x1ff10000)
No shared spaces configured.
Event: 23.228 GC heap after
Heap after GC invocations=88 (full 8):
 def new generation   total 32768K, used 3330K [0x0f010000, 0x11390000, 0x14560000)
  eden space 29184K,   0% used [0x0f010000, 0x0f010000, 0x10c90000)
  from space 3584K,  92% used [0x10c90000, 0x10fd0a90, 0x11010000)
  to   space 3584K,   0% used [0x11010000, 0x11010000, 0x11390000)
 tenured generation   total 72672K, used 20864K [0x14560000, 0x18c58000, 0x1f010000)
   the space 72672K,  28% used [0x14560000, 0x159c01b8, 0x159c0200, 0x18c58000)
 compacting perm gen  total 15360K, used 15141K [0x1f010000, 0x1ff10000, 0x23010000)
   the space 15360K,  98% used [0x1f010000, 0x1fed9660, 0x1fed9800, 0x1ff10000)
No shared spaces configured.
}
Event: 23.653 GC heap before
{Heap before GC invocations=88 (full 8):
 def new generation   total 32768K, used 32514K [0x0f010000, 0x11390000, 0x14560000)
  eden space 29184K, 100% used [0x0f010000, 0x10c90000, 0x10c90000)
  from space 3584K,  92% used [0x10c90000, 0x10fd0a90, 0x11010000)
  to   space 3584K,   0% used [0x11010000, 0x11010000, 0x11390000)
 tenured generation   total 72672K, used 20864K [0x14560000, 0x18c58000, 0x1f010000)
   the space 72672K,  28% used [0x14560000, 0x159c01b8, 0x159c0200, 0x18c58000)
 compacting perm gen  total 16896K, used 16721K [0x1f010000, 0x20090000, 0x23010000)
   the space 16896K,  98% used [0x1f010000, 0x20064730, 0x20064800, 0x20090000)
No shared spaces configured.
Event: 23.662 GC heap after
Heap after GC invocations=89 (full 8):
 def new generation   total 32768K, used 3384K [0x0f010000, 0x11390000, 0x14560000)
  eden space 29184K,   0% used [0x0f010000, 0x0f010000, 0x10c90000)
  from space 3584K,  94% used [0x11010000, 0x1135e338, 0x11390000)
  to   space 3584K,   0% used [0x10c90000, 0x10c90000, 0x11010000)
 tenured generation   total 72672K, used 22282K [0x14560000, 0x18c58000, 0x1f010000)
   the space 72672K,  30% used [0x14560000, 0x15b22890, 0x15b22a00, 0x18c58000)
 compacting perm gen  total 16896K, used 16721K [0x1f010000, 0x20090000, 0x23010000)
   the space 16896K,  98% used [0x1f010000, 0x20064730, 0x20064800, 0x20090000)
No shared spaces configured.
}

