# JRE version: Java(TM) SE Runtime Environment (7.0_51-b13) (build 1.7.0_51-b13)
# Java VM: Java HotSpot(TM) Client VM (24.51-b03 mixed mode windows-x86 )
Heap
 def new generation   total 17152K, used 13904K [0x0f010000, 0x102a0000, 0x14560000)
  eden space 15296K,  78% used [0x0f010000, 0x0fbd40d8, 0x0ff00000)
  from space 1856K, 100% used [0x100d0000, 0x102a0000, 0x102a0000)
  to   space 1856K,   0% used [0x0ff00000, 0x0ff00000, 0x100d0000)
 tenured generation   total 37920K, used 33726K [0x14560000, 0x16a68000, 0x1f010000)
   the space 37920K,  88% used [0x14560000, 0x1664fbc0, 0x1664fc00, 0x16a68000)
 compacting perm gen  total 12288K, used 11265K [0x1f010000, 0x1fc10000, 0x23010000)
   the space 12288K,  91% used [0x1f010000, 0x1fb107c8, 0x1fb10800, 0x1fc10000)
GC Heap History (10 events):
Event: 3.661 GC heap before
{Heap before GC invocations=62 (full 5):
 def new generation   total 17152K, used 17037K [0x0f010000, 0x102a0000, 0x14560000)
  eden space 15296K, 100% used [0x0f010000, 0x0ff00000, 0x0ff00000)
  from space 1856K,  93% used [0x0ff00000, 0x100b3448, 0x100d0000)
  to   space 1856K,   0% used [0x100d0000, 0x100d0000, 0x102a0000)
 tenured generation   total 37920K, used 19691K [0x14560000, 0x16a68000, 0x1f010000)
   the space 37920K,  51% used [0x14560000, 0x1589ac58, 0x1589ae00, 0x16a68000)
 compacting perm gen  total 12288K, used 11240K [0x1f010000, 0x1fc10000, 0x23010000)
   the space 12288K,  91% used [0x1f010000, 0x1fb0a1d0, 0x1fb0a200, 0x1fc10000)
No shared spaces configured.
Event: 3.673 GC heap after
Heap after GC invocations=63 (full 5):
 def new generation   total 17152K, used 1856K [0x0f010000, 0x102a0000, 0x14560000)
  eden space 15296K,   0% used [0x0f010000, 0x0f010000, 0x0ff00000)
  from space 1856K, 100% used [0x100d0000, 0x102a0000, 0x102a0000)
  to   space 1856K,   0% used [0x0ff00000, 0x0ff00000, 0x100d0000)
 tenured generation   total 37920K, used 23145K [0x14560000, 0x16a68000, 0x1f010000)
   the space 37920K,  61% used [0x14560000, 0x15bfa4c0, 0x15bfa600, 0x16a68000)
 compacting perm gen  total 12288K, used 11240K [0x1f010000, 0x1fc10000, 0x23010000)
   the space 12288K,  91% used [0x1f010000, 0x1fb0a1d0, 0x1fb0a200, 0x1fc10000)
No shared spaces configured.
}
Event: 3.735 GC heap before
{Heap before GC invocations=63 (full 5):
 def new generation   total 17152K, used 17152K [0x0f010000, 0x102a0000, 0x14560000)
  eden space 15296K, 100% used [0x0f010000, 0x0ff00000, 0x0ff00000)
  from space 1856K, 100% used [0x100d0000, 0x102a0000, 0x102a0000)
  to   space 1856K,   0% used [0x0ff00000, 0x0ff00000, 0x100d0000)
 tenured generation   total 37920K, used 23145K [0x14560000, 0x16a68000, 0x1f010000)
   the space 37920K,  61% used [0x14560000, 0x15bfa4c0, 0x15bfa600, 0x16a68000)
 compacting perm gen  total 12288K, used 11265K [0x1f010000, 0x1fc10000, 0x23010000)
   the space 12288K,  91% used [0x1f010000, 0x1fb107c8, 0x1fb10800, 0x1fc10000)
No shared spaces configured.
Event: 3.742 GC heap after
Heap after GC invocations=64 (full 5):
 def new generation   total 17152K, used 1308K [0x0f010000, 0x102a0000, 0x14560000)
  eden space 15296K,   0% used [0x0f010000, 0x0f010000, 0x0ff00000)
  from space 1856K,  70% used [0x0ff00000, 0x10047138, 0x100d0000)
  to   space 1856K,   0% used [0x100d0000, 0x100d0000, 0x102a0000)
 tenured generation   total 37920K, used 24648K [0x14560000, 0x16a68000, 0x1f010000)
   the space 37920K,  65% used [0x14560000, 0x15d723d8, 0x15d72400, 0x16a68000)
 compacting perm gen  total 12288K, used 11265K [0x1f010000, 0x1fc10000, 0x23010000)
   the space 12288K,  91% used [0x1f010000, 0x1fb107c8, 0x1fb10800, 0x1fc10000)
No shared spaces configured.
}
Event: 3.792 GC heap before
{Heap before GC invocations=64 (full 5):
 def new generation   total 17152K, used 16604K [0x0f010000, 0x102a0000, 0x14560000)
  eden space 15296K, 100% used [0x0f010000, 0x0ff00000, 0x0ff00000)
  from space 1856K,  70% used [0x0ff00000, 0x10047138, 0x100d0000)
  to   space 1856K,   0% used [0x100d0000, 0x100d0000, 0x102a0000)
 tenured generation   total 37920K, used 24648K [0x14560000, 0x16a68000, 0x1f010000)
   the space 37920K,  65% used [0x14560000, 0x15d723d8, 0x15d72400, 0x16a68000)
 compacting perm gen  total 12288K, used 11265K [0x1f010000, 0x1fc10000, 0x23010000)
   the space 12288K,  91% used [0x1f010000, 0x1fb107c8, 0x1fb10800, 0x1fc10000)
No shared spaces configured.
Event: 3.804 GC heap after
Heap after GC invocations=65 (full 5):
 def new generation   total 17152K, used 1856K [0x0f010000, 0x102a0000, 0x14560000)
  eden space 15296K,   0% used [0x0f010000, 0x0f010000, 0x0ff00000)
  from space 1856K, 100% used [0x100d0000, 0x102a0000, 0x102a0000)
  to   space 1856K,   0% used [0x0ff00000, 0x0ff00000, 0x100d0000)
 tenured generation   total 37920K, used 27933K [0x14560000, 0x16a68000, 0x1f010000)
   the space 37920K,  73% used [0x14560000, 0x160a75d8, 0x160a7600, 0x16a68000)
 compacting perm gen  total 12288K, used 11265K [0x1f010000, 0x1fc10000, 0x23010000)
   the space 12288K,  91% used [0x1f010000, 0x1fb107c8, 0x1fb10800, 0x1fc10000)
No shared spaces configured.
}
Event: 3.849 GC heap before
{Heap before GC invocations=65 (full 5):
 def new generation   total 17152K, used 17152K [0x0f010000, 0x102a0000, 0x14560000)
  eden space 15296K, 100% used [0x0f010000, 0x0ff00000, 0x0ff00000)
  from space 1856K, 100% used [0x100d0000, 0x102a0000, 0x102a0000)
  to   space 1856K,   0% used [0x0ff00000, 0x0ff00000, 0x100d0000)
 tenured generation   total 37920K, used 27933K [0x14560000, 0x16a68000, 0x1f010000)
   the space 37920K,  73% used [0x14560000, 0x160a75d8, 0x160a7600, 0x16a68000)
 compacting perm gen  total 12288K, used 11265K [0x1f010000, 0x1fc10000, 0x23010000)
   the space 12288K,  91% used [0x1f010000, 0x1fb107c8, 0x1fb10800, 0x1fc10000)
No shared spaces configured.
Event: 3.858 GC heap after
Heap after GC invocations=66 (full 5):
 def new generation   total 17152K, used 1856K [0x0f010000, 0x102a0000, 0x14560000)
  eden space 15296K,   0% used [0x0f010000, 0x0f010000, 0x0ff00000)
  from space 1856K, 100% used [0x0ff00000, 0x100d0000, 0x100d0000)
  to   space 1856K,   0% used [0x100d0000, 0x100d0000, 0x102a0000)
 tenured generation   total 37920K, used 30229K [0x14560000, 0x16a68000, 0x1f010000)
   the space 37920K,  79% used [0x14560000, 0x162e5628, 0x162e5800, 0x16a68000)
 compacting perm gen  total 12288K, used 11265K [0x1f010000, 0x1fc10000, 0x23010000)
   the space 12288K,  91% used [0x1f010000, 0x1fb107c8, 0x1fb10800, 0x1fc10000)
No shared spaces configured.
}
Event: 3.903 GC heap before
{Heap before GC invocations=66 (full 5):
 def new generation   total 17152K, used 17152K [0x0f010000, 0x102a0000, 0x14560000)
  eden space 15296K, 100% used [0x0f010000, 0x0ff00000, 0x0ff00000)
  from space 1856K, 100% used [0x0ff00000, 0x100d0000, 0x100d0000)
  to   space 1856K,   0% used [0x100d0000, 0x100d0000, 0x102a0000)
 tenured generation   total 37920K, used 30229K [0x14560000, 0x16a68000, 0x1f010000)
   the space 37920K,  79% used [0x14560000, 0x162e5628, 0x162e5800, 0x16a68000)
 compacting perm gen  total 12288K, used 11265K [0x1f010000, 0x1fc10000, 0x23010000)
   the space 12288K,  91% used [0x1f010000, 0x1fb107c8, 0x1fb10800, 0x1fc10000)
No shared spaces configured.
Event: 3.915 GC heap after
Heap after GC invocations=67 (full 5):
 def new generation   total 17152K, used 1856K [0x0f010000, 0x102a0000, 0x14560000)
  eden space 15296K,   0% used [0x0f010000, 0x0f010000, 0x0ff00000)
  from space 1856K, 100% used [0x100d0000, 0x102a0000, 0x102a0000)
  to   space 1856K,   0% used [0x0ff00000, 0x0ff00000, 0x100d0000)
 tenured generation   total 37920K, used 33726K [0x14560000, 0x16a68000, 0x1f010000)
   the space 37920K,  88% used [0x14560000, 0x1664fbc0, 0x1664fc00, 0x16a68000)
 compacting perm gen  total 12288K, used 11265K [0x1f010000, 0x1fc10000, 0x23010000)
   the space 12288K,  91% used [0x1f010000, 0x1fb107c8, 0x1fb10800, 0x1fc10000)
No shared spaces configured.
}

